<?xml version='1.0' encoding='UTF-8'?>
<testsuite hostname="WINDOWS-T2EIGLA" name="RomanNumeralsServiceTest" tests="6" errors="0" failures="0" skipped="0" time="0.033" timestamp="2023-06-14T19:25:42">
          <properties>
      <property name="java.specification.version" value="18"/><property name="sun.cpu.isalist" value="amd64"/><property name="sun.jnu.encoding" value="Cp1252"/><property name="sun.arch.data.model" value="64"/><property name="sbt.supershell" value="false"/><property name="java.vendor.url" value="https://java.oracle.com/"/><property name="sun.boot.library.path" value="C:\Program Files\Java\jdk-18.0.2.1\bin"/><property name="sun.java.command" value="C:\Users\johnj\AppData\Roaming\JetBrains\IntelliJIdea2023.1\plugins\Scala\launcher\sbt-launch.jar early(addPluginSbtFile=&quot;&quot;&quot;C:\Users\johnj\AppData\Local\Temp\idea.sbt&quot;&quot;&quot;) ; set ideaPort in Global := 4335 ; idea-shell"/><property name="jdk.debug" value="release"/><property name="sun.stderr.encoding" value="windows-1252"/><property name="java.specification.vendor" value="Oracle Corporation"/><property name="java.version.date" value="2022-08-18"/><property name="java.home" value="C:\Program Files\Java\jdk-18.0.2.1"/><property name="file.separator" value="\"/><property name="java.vm.compressedOopsMode" value="32-bit"/><property name="sun.stdout.encoding" value="windows-1252"/><property name="line.separator" value="
"/><property name="java.vm.specification.vendor" value="Oracle Corporation"/><property name="java.specification.name" value="Java Platform API Specification"/><property name="idea.installation.dir" value="C:\Program Files\JetBrains\IntelliJ IDEA 2022.3.3"/><property name="user.script" value=""/><property name="sun.management.compiler" value="HotSpot 64-Bit Tiered Compilers"/><property name="java.runtime.version" value="18.0.2.1+1-1"/><property name="user.name" value="johnj"/><property name="log4j.ignoreTCL" value="true"/><property name="file.encoding" value="UTF-8"/><property name="jnidispatch.path" value="C:\Users\johnj\AppData\Local\Temp\jna-101303487\jna9685993142157747073.dll"/><property name="jna.loaded" value="true"/><property name="java.io.tmpdir" value="C:\Users\johnj\AppData\Local\Temp\"/><property name="java.version" value="18.0.2.1"/><property name="java.vm.specification.name" value="Java Virtual Machine Specification"/><property name="sun.os.patch.level" value=""/><property name="native.encoding" value="Cp1252"/><property name="java.library.path" value="C:\Program Files\Java\jdk-18.0.2.1\bin;C:\WINDOWS\Sun\Java\bin;C:\WINDOWS\system32;C:\WINDOWS;C:\Program Files\Common Files\Oracle\Java\javapath;C:\Python\Python39\Scripts\;C:\Python\Python39\;C:\windows\system32;C:\windows;C:\windows\System32\Wbem;C:\windows\System32\WindowsPowerShell\v1.0\;C:\windows\System32\OpenSSH\;C:\Program Files (x86)\NVIDIA Corporation\PhysX\Common;C:\Program Files\Microsoft SQL Server\120\Tools\Binn\;C:\Program Files\Microsoft SQL Server\130\Tools\Binn\;C:\Program Files\Microsoft SQL Server\Client SDK\ODBC\130\Tools\Binn\;C:\Program Files (x86)\Microsoft SQL Server\140\Tools\Binn\;C:\Program Files\Microsoft SQL Server\140\Tools\Binn\;C:\Program Files\Microsoft SQL Server\140\DTS\Binn\;C:\Program Files (x86)\Microsoft SQL Server\Client SDK\ODBC\130\Tools\Binn\;C:\Program Files (x86)\Microsoft SQL Server\140\DTS\Binn\;C:\Program Files (x86)\Microsoft SQL Server\140\Tools\Binn\ManagementStudio\;C:\Program Files\dotnet\;C:\Users\johnj\AppData\Roaming\nvm;C:\Program Files\nodejs;C:\WINDOWS\system32;C:\WINDOWS;C:\WINDOWS\System32\Wbem;C:\WINDOWS\System32\WindowsPowerShell\v1.0\;C:\WINDOWS\System32\OpenSSH\;C:\Program Files\nodejs\;C:\Program Files\Microsoft\Web Platform Installer\;C:\Program Files\Microsoft SQL Server\Client SDK\ODBC\170\Tools\Binn\;C:\Program Files (x86)\dotnet\;C:\Program Files (x86)\Microsoft SDKs\Windows\v10.0A\bin\NETFX 4.6.1 Tools\;C:\Program Files\GitHub CLI\;C:\Program Files\Git\cmd;C:\Users\johnj\.windows-build-tools\python27\;C:\Users\johnj\AppData\Local\Microsoft\WindowsApps;C:\Users\johnj\AppData\Roaming\nvm;C:\Program Files\nodejs;C:\Users\johnj\AppData\Local\Programs\Microsoft VS Code\bin;C:\Users\johnj\AppData\Roaming\npm;C:\Users\johnj\.dotnet\tools;C:\Program Files (x86)\MSBuild\14.0\Bin\;C:\Users\johnj\AppData\Local\Microsoft\WindowsApps;C:\Users\johnj\.dotnet\tools;C:\Program Files\JetBrains\WebStorm 2022.2\bin;;C:\Program Files (x86)\Java\jre1.8.0_341\bin;;C:\Program Files\JetBrains\IntelliJ IDEA 2022.2.1\bin;;."/><property name="java.vendor" value="Oracle Corporation"/><property name="sun.io.unicode.encoding" value="UnicodeLittle"/><property name="java.class.path" value="C:\Users\johnj\AppData\Roaming\JetBrains\IntelliJIdea2023.1\plugins\Scala\launcher\sbt-launch.jar"/><property name="java.vm.vendor" value="Oracle Corporation"/><property name="user.variant" value=""/><property name="jline.shutdownhook" value="false"/><property name="user.timezone" value="Europe/London"/><property name="java.vm.specification.version" value="18"/><property name="os.name" value="Windows 10"/><property name="sun.java.launcher" value="SUN_STANDARD"/><property name="user.country" value="GB"/><property name="sun.cpu.endian" value="little"/><property name="user.home" value="C:\Users\johnj"/><property name="user.language" value="en"/><property name="sbt.ipcsocket.tmpdir" value="C:\Users\johnj\AppData\Local\Temp\.sbtaf32d6f3\ipcsocket"/><property name="swoval.tmpdir" value="C:\Users\johnj\AppData\Local\Temp\.sbtaf32d6f3\swoval"/><property name="jline.esc.timeout" value="0"/><property name="path.separator" value=";"/><property name="os.version" value="10.0"/><property name="jna.nosys" value="true"/><property name="java.runtime.name" value="Java(TM) SE Runtime Environment"/><property name="sbt.log.noformat" value="true"/><property name="java.vm.name" value="Java HotSpot(TM) 64-Bit Server VM"/><property name="java.vendor.url.bug" value="https://bugreport.java.com/bugreport/"/><property name="user.dir" value="D:\Development\RomanNumbers"/><property name="os.arch" value="amd64"/><property name="idea.managed" value="true"/><property name="java.vm.info" value="mixed mode, sharing"/><property name="java.vm.version" value="18.0.2.1+1-1"/><property name="java.class.version" value="62.0"/>
    </properties>
          <testcase classname="RomanNumeralsServiceTest" name="Check Singles" time="0.025">
                      
                    </testcase><testcase classname="RomanNumeralsServiceTest" name="Check Tens" time="0.004">
                      
                    </testcase><testcase classname="RomanNumeralsServiceTest" name="Check Hundreds" time="0.001">
                      
                    </testcase><testcase classname="RomanNumeralsServiceTest" name="Check thousand digits" time="0.0">
                      
                    </testcase><testcase classname="RomanNumeralsServiceTest" name="Check Random digits" time="0.002">
                      
                    </testcase><testcase classname="RomanNumeralsServiceTest" name="Out of range" time="0.001">
                      
                    </testcase>
          <system-out><![CDATA[]]></system-out>
          <system-err><![CDATA[]]></system-err>
        </testsuite>